C51 COMPILER V9.60.0.0   MAIN                                                              03/21/2021 15:04:32 PAGE 1   


C51 COMPILER V9.60.0.0, COMPILATION OF MODULE MAIN
OBJECT MODULE PLACED IN .\Objects\main.obj
COMPILER INVOKED BY: C:\Keil_v5\C51\BIN\C51.EXE main.c OPTIMIZE(8,SPEED) BROWSE DEBUG OBJECTEXTEND PRINT(.\Listings\main
                    -.lst) TABS(2) OBJECT(.\Objects\main.obj)

line level    source

   1          #include <at89c5131.h>
   2          #include "lcd.h"     //Header file with LCD interfacing functions
   3          #include "serial.c"  //C file with UART interfacing functions
   4          sbit LED=P1^7;       //Test function definitions
   5          
   6          /************************************************
   7             lcd_test():
   8            LCD test function that gets called when
   9            '1' is received from UART
  10            Prints "LCD Ok" on LCD. After 4 seconds
  11            LCD is cleared
  12          *************************************************/
  13          void lcd_test(void)
  14          {
  15   1         lcd_cmd(0x80);
  16   1         lcd_write_string("LCD Ok");
  17   1         msdelay(2000);
  18   1         lcd_cmd(0x01);
  19   1      } 
  20          
  21          /************************************************
  22             led_test():
  23            LED test code. Update this function
  24            to test LEDs on P1.7-P1.4 by blinking
  25            them for a few times.
  26          ************************************************/
  27          void led_test(void)
  28          {P1=0xFF;            //LEDs ON
  29   1       msdelay(1000);      //One Second Delay
  30   1      P1=0x00;             //LEDs OFF
  31   1      msdelay(1000);       //One Second Delay 
  32   1      }
  33          
  34          
  35          //Main function
  36          void main(void)
  37          {
  38   1        unsigned char ch=0;
  39   1        
  40   1        //Initialize port P1 for output from P1.7-P1.4
  41   1        P1 = 0x0F;
  42   1        
  43   1        //Call initialization functions
  44   1        lcd_init();      //Call LCD function
  45   1        uart_init();     //Initialize UART
  46   1        
  47   1        //These strings will be printed in terminal software
  48   1        transmit_string("************************\r\n");
  49   1        transmit_string("******8051 Tests********\r\n");
  50   1        transmit_string("************************\r\n");
  51   1        transmit_string("Press 1 for LCD test\r\n");
  52   1        transmit_string("Press 2 for LED test\r\n");
  53   1        
  54   1        while(1)
C51 COMPILER V9.60.0.0   MAIN                                                              03/21/2021 15:04:32 PAGE 2   

  55   1        {
  56   2            //Receive a character
  57   2            ch = receive_char();
  58   2          
  59   2            //Decide which test function to run based on character sent
  60   2            //Displays the string on the terminal software
  61   2            switch(ch)
  62   2            {
  63   3              case '1':lcd_test();                //Case for key '1' pressed
  64   3                       transmit_string("LCD tested\r\n");
  65   3                       break;
  66   3              
  67   3              case '2':led_test();                //Case for key '2' pressed
  68   3                       transmit_string("LED tested\r\n");
  69   3                       break;
  70   3                    
  71   3              default:transmit_string("Incorrect test. Pass correct number\r\n");
  72   3                       break;
  73   3              
  74   3            }
  75   2            msdelay(100);
  76   2        }
  77   1      }


MODULE INFORMATION:   STATIC OVERLAYABLE
   CODE SIZE        =    568    ----
   CONSTANT SIZE    =    171    ----
   XDATA SIZE       =   ----    ----
   PDATA SIZE       =   ----    ----
   DATA SIZE        =   ----      12
   IDATA SIZE       =   ----    ----
   BIT SIZE         =      2    ----
END OF MODULE INFORMATION.


C51 COMPILATION COMPLETE.  0 WARNING(S),  0 ERROR(S)
